VCD info: dumpfile vga_test.vcd opened for output.
[LEFT ELEVATOR] floor=1  time=220000
[LEFT ELEVATOR] floor=2  time=50220000
[LEFT ELEVATOR] floor=3  time=100220000
[LEFT ELEVATOR] floor=4  time=150220000
[LEFT ELEVATOR] floor=5  time=200220000
[LEFT ELEVATOR] floor=6  time=250220000
[RIGHT ELEVATOR] floor=1  time=300220000
[RIGHT ELEVATOR] floor=2  time=350220000
[RIGHT ELEVATOR] floor=3  time=400220000
[RIGHT ELEVATOR] floor=4  time=450220000
[RIGHT ELEVATOR] floor=5  time=500220000
[RIGHT ELEVATOR] floor=6  time=550220000
[STOP MODE TEST] time=600220000
Simulation finished.
testbench/vgaController_tb.sv:75: $stop called at 650220000 (1ps)
** VVP Stop(0) **
** Flushing output streams.
** Current simulation time is 650220000 ticks.
** Continue **
